  [4;36;1mSQL (0.019856)[0m   [0;1mselect sqlite_version(*)[0m
  [4;35;1mSQL (0.004902)[0m   [0mCREATE TABLE schema_info (version integer)[0m
  [4;36;1mSQL (0.002662)[0m   [0;1mINSERT INTO schema_info (version) VALUES(0)[0m
  [4;35;1mSQL (0.000000)[0m   [0mSQLite3::SQLException: table schema_info already exists: CREATE TABLE schema_info (version integer)[0m
  [4;36;1mSQL (0.000331)[0m   [0;1mSELECT version FROM schema_info[0m
Migrating to CreateUsers (1)
  [4;35;1mSQL (0.000000)[0m   [0mSQLite3::SQLException: no such table: users: DROP TABLE users[0m
  [4;36;1mSQL (0.003415)[0m   [0;1mCREATE TABLE users ("id" INTEGER PRIMARY KEY AUTOINCREMENT NOT NULL, "login" varchar(255) DEFAULT NULL, "email" varchar(255) DEFAULT NULL, "crypted_password" varchar(40) DEFAULT NULL, "salt" varchar(40) DEFAULT NULL, "created_at" datetime DEFAULT NULL, "updated_at" datetime DEFAULT NULL, "remember_token" varchar(255) DEFAULT NULL, "remember_token_expires_at" datetime DEFAULT NULL) [0m
  [4;35;1mSQL (0.002781)[0m   [0mUPDATE schema_info SET version = 1[0m
  [4;36;1mSQL (0.000363)[0m   [0;1mSELECT * FROM schema_info[0m
  [4;35;1mSQL (0.000355)[0m   [0m SELECT name
 FROM sqlite_master
 WHERE type = 'table' AND NOT name = 'sqlite_sequence'
[0m
  [4;36;1mSQL (0.000091)[0m   [0;1mPRAGMA index_list(users)[0m


Processing AccountController#index (for 127.0.0.1 at 2008-05-28 22:24:09) [GET]
  Session ID: 8653d81fdaccd21d8155a9d5222e2f1b
  Parameters: {"action"=>"index", "controller"=>"account"}
  [4;36;1mSQL (0.000299)[0m   [0;1mSELECT count(*) AS count_all FROM users [0m
Redirected to http://localhost:3000/account/signup
Completed in 0.08007 (12 reqs/sec) | DB: 0.00030 (0%) | 302 Found [http://localhost/account/]


Processing AccountController#signup (for 127.0.0.1 at 2008-05-28 22:24:09) [GET]
  Session ID: BAh7BiIKZmxhc2hJQzonQWN0aW9uQ29udHJvbGxlcjo6Rmxhc2g6OkZsYXNo%0ASGFzaHsABjoKQHVzZWR7AA%3D%3D--24986a556361d0980a54db91cc40d778d9e6e06f
  Parameters: {"action"=>"signup", "controller"=>"account"}
Rendering account/signup
Completed in 0.01317 (75 reqs/sec) | Rendering: 0.00508 (38%) | DB: 0.00000 (0%) | 200 OK [http://localhost/account/signup]


Processing AccountController#signup (for 127.0.0.1 at 2008-05-28 22:24:32) [POST]
  Session ID: BAh7ByIKZmxhc2hJQzonQWN0aW9uQ29udHJvbGxlcjo6Rmxhc2g6OkZsYXNo%0ASGFzaHsABjoKQHVzZWR7ADoMY3NyZl9pZCIlYTU0ZjUxZDVkNzNiYmNkMzRl%0AZmZjMDNhZDg1NTAwZGU%3D--fa348f683c700ea9c6b13fb8bb6fdfb5961b303d
  Parameters: {"user"=>{"password_confirmation"=>"llmenow", "login"=>"simonm", "password"=>"llmenow", "email"=>"simon@mccartney.ie"}, "commit"=>"Sign up", "authenticity_token"=>"677ffb940e1c90931011bdf11b97bcf261a606bb", "action"=>"signup", "controller"=>"account"}
  [4;35;1mUser Load (0.000175)[0m   [0mSELECT * FROM users WHERE (LOWER(users.login) = 'simonm') LIMIT 1[0m
  [4;36;1mUser Load (0.000096)[0m   [0;1mSELECT * FROM users WHERE (LOWER(users.email) = 'simon@mccartney.ie') LIMIT 1[0m
  [4;35;1mUser Create (0.000471)[0m   [0mINSERT INTO users ("salt", "updated_at", "crypted_password", "remember_token_expires_at", "remember_token", "login", "created_at", "email") VALUES('de304262ddeeb2948c3f8b442b984576e8cb8d26', '2008-05-28 22:24:32', '50d38ca59f79f4f69dc730b83f31da644f61ce0b', NULL, NULL, 'simonm', '2008-05-28 22:24:32', 'simon@mccartney.ie')[0m
Redirected to http://localhost:3000/account
Completed in 0.01635 (61 reqs/sec) | DB: 0.00074 (4%) | 302 Found [http://localhost/account/signup]


Processing AccountController#index (for 127.0.0.1 at 2008-05-28 22:24:32) [GET]
  Session ID: BAh7CToOcmV0dXJuX3RvMDoJdXNlcmkGIgpmbGFzaElDOidBY3Rpb25Db250%0Acm9sbGVyOjpGbGFzaDo6Rmxhc2hIYXNoewY6C25vdGljZSIbVGhhbmtzIGZv%0AciBzaWduaW5nIHVwIQY6CkB1c2VkewY7CFQ6DGNzcmZfaWQiJWE1NGY1MWQ1%0AZDczYmJjZDM0ZWZmYzAzYWQ4NTUwMGRl--f094ee0e9a3462f8da80abfaa5bc242e21c91cb6
  Parameters: {"action"=>"index", "controller"=>"account"}
  [4;36;1mUser Load (0.000308)[0m   [0;1mSELECT * FROM users WHERE (users."id" = 1) LIMIT 1[0m
Rendering account/index
Completed in 0.01271 (78 reqs/sec) | Rendering: 0.00364 (28%) | DB: 0.00031 (2%) | 200 OK [http://localhost/account]
